[2m15:33:28[22m [31m[1m[vite][22m[39m [31mInternal server error: [postcss] C:/Users/ning/Desktop/temu-jp-pricing-main/src/index.css:163:5: The `bg-slate-55/75` class does not exist. If `bg-slate-55/75` is a custom class, make sure it is defined within a `@layer` directive.[39m
  Plugin: [35mvite:css[39m
  File: [36mC:/Users/ning/Desktop/temu-jp-pricing-main/src/index.css[39m:163:4
[33m  161|  
  162|    .data-table th {
  163|      @apply py-2 text-[11px] font-bold tracking-wider text-slate-500 uppercase bg-slate-55/75 backdrop-blur-sm;
     |      ^
  164|      padding-left: 0.75rem !important;
  165|      padding-right: 0.75rem !important;[39m
      at Input.error (C:\Users\ning\Desktop\temu-jp-pricing-main\node_modules\postcss\lib\input.js:135:16)
      at AtRule.error (C:\Users\ning\Desktop\temu-jp-pricing-main\node_modules\postcss\lib\node.js:146:32)
      at processApply (C:\Users\ning\Desktop\temu-jp-pricing-main\node_modules\tailwindcss\lib\lib\expandApplyAtRules.js:380:29)
      at C:\Users\ning\Desktop\temu-jp-pricing-main\node_modules\tailwindcss\lib\lib\expandApplyAtRules.js:551:9
      at C:\Users\ning\Desktop\temu-jp-pricing-main\node_modules\tailwindcss\lib\processTailwindFeatures.js:55:50
      at async plugins (C:\Users\ning\Desktop\temu-jp-pricing-main\node_modules\tailwindcss\lib\plugin.js:38:17)
      at async LazyResult.runAsync (C:\Users\ning\Desktop\temu-jp-pricing-main\node_modules\postcss\lib\lazy-result.js:293:11)
      at async runPostCSS (file:///C:/Users/ning/Desktop/temu-jp-pricing-main/node_modules/vite/dist/node/chunks/dep-Dq2t6Dq0.js:43878:21)
      at async compilePostCSS (file:///C:/Users/ning/Desktop/temu-jp-pricing-main/node_modules/vite/dist/node/chunks/dep-Dq2t6Dq0.js:43848:18)
      at async compileCSS (file:///C:/Users/ning/Desktop/temu-jp-pricing-main/node_modules/vite/dist/node/chunks/dep-Dq2t6Dq0.js:43703:27)
      at async TransformPluginContext.handler (file:///C:/Users/ning/Desktop/temu-jp-pricing-main/node_modules/vite/dist/node/chunks/dep-Dq2t6Dq0.js:43019:11)
      at async EnvironmentPluginContainer.transform (file:///C:/Users/ning/Desktop/temu-jp-pricing-main/node_modules/vite/dist/node/chunks/dep-Dq2t6Dq0.js:42348:18)
      at async loadAndTransform (file:///C:/Users/ning/Desktop/temu-jp-pricing-main/node_modules/vite/dist/node/chunks/dep-Dq2t6Dq0.js:35740:27)
      at async viteTransformMiddleware (file:///C:/Users/ning/Desktop/temu-jp-pricing-main/node_modules/vite/dist/node/chunks/dep-Dq2t6Dq0.js:37264:24)
[2m15:52:33[22m [31m[1m[vite][22m[39m [31m[2m(client)[22m[39m Pre-transform error: Transform failed with 1 error:
C:/Users/ning/Desktop/temu-jp-pricing-main/src/utils/profit-calculation.ts:224:5: ERROR: Unexpected "?"
  Plugin: [35mvite:esbuild[39m
  File: [36mC:/Users/ning/Desktop/temu-jp-pricing-main/src/utils/profit-calculation.ts[39m:224:5
[33m  
  [33mUnexpected "?"[33m
  222|        };
  223|      }),
  224|    }; ? null : round(breakEvenRoas, 4),
     |       ^
  225|        };
  226|      }),
  [39m
[2m15:52:33[22m [31m[1m[vite][22m[39m [31m[2m(client)[22m[39m Pre-transform error: Transform failed with 1 error:
C:/Users/ning/Desktop/temu-jp-pricing-main/src/utils/profit-calculation.ts:224:5: ERROR: Unexpected "?"
  Plugin: [35mvite:esbuild[39m
  File: [36mC:/Users/ning/Desktop/temu-jp-pricing-main/src/utils/profit-calculation.ts[39m:224:5
[33m  
  [33mUnexpected "?"[33m
  222|        };
  223|      }),
  224|    }; ? null : round(breakEvenRoas, 4),
     |       ^
  225|        };
  226|      }),
  [39m
[2m15:52:33[22m [31m[1m[vite][22m[39m [31m[2m(client)[22m[39m Pre-transform error: Transform failed with 1 error:
C:/Users/ning/Desktop/temu-jp-pricing-main/src/utils/profit-calculation.ts:224:5: ERROR: Unexpected "?"
  Plugin: [35mvite:esbuild[39m
  File: [36mC:/Users/ning/Desktop/temu-jp-pricing-main/src/utils/profit-calculation.ts[39m:224:5
[33m  
  [33mUnexpected "?"[33m
  222|        };
  223|      }),
  224|    }; ? null : round(breakEvenRoas, 4),
     |       ^
  225|        };
  226|      }),
  [39m
[2m15:52:33[22m [31m[1m[vite][22m[39m [31m[2m(client)[22m[39m Pre-transform error: Transform failed with 1 error:
C:/Users/ning/Desktop/temu-jp-pricing-main/src/utils/profit-calculation.ts:224:5: ERROR: Unexpected "?"
  Plugin: [35mvite:esbuild[39m
  File: [36mC:/Users/ning/Desktop/temu-jp-pricing-main/src/utils/profit-calculation.ts[39m:224:5
[33m  
  [33mUnexpected "?"[33m
  222|        };
  223|      }),
  224|    }; ? null : round(breakEvenRoas, 4),
     |       ^
  225|        };
  226|      }),
  [39m
[2m15:52:33[22m [31m[1m[vite][22m[39m [31m[2m(client)[22m[39m Pre-transform error: Transform failed with 1 error:
C:/Users/ning/Desktop/temu-jp-pricing-main/src/utils/profit-calculation.ts:224:5: ERROR: Unexpected "?"
  Plugin: [35mvite:esbuild[39m
  File: [36mC:/Users/ning/Desktop/temu-jp-pricing-main/src/utils/profit-calculation.ts[39m:224:5
[33m  
  [33mUnexpected "?"[33m
  222|        };
  223|      }),
  224|    }; ? null : round(breakEvenRoas, 4),
     |       ^
  225|        };
  226|      }),
  [39m
[2m15:52:33[22m [31m[1m[vite][22m[39m [31m[2m(client)[22m[39m Pre-transform error: Transform failed with 1 error:
C:/Users/ning/Desktop/temu-jp-pricing-main/src/utils/profit-calculation.ts:224:5: ERROR: Unexpected "?"
  Plugin: [35mvite:esbuild[39m
  File: [36mC:/Users/ning/Desktop/temu-jp-pricing-main/src/utils/profit-calculation.ts[39m:224:5
[33m  
  [33mUnexpected "?"[33m
  222|        };
  223|      }),
  224|    }; ? null : round(breakEvenRoas, 4),
     |       ^
  225|        };
  226|      }),
  [39m
[2m15:52:33[22m [31m[1m[vite][22m[39m [31mInternal server error: Transform failed with 1 error:
C:/Users/ning/Desktop/temu-jp-pricing-main/src/utils/profit-calculation.ts:224:5: ERROR: Unexpected "?"[39m
  Plugin: [35mvite:esbuild[39m
  File: [36mC:/Users/ning/Desktop/temu-jp-pricing-main/src/utils/profit-calculation.ts[39m:224:5
[33m  
  [33mUnexpected "?"[33m
  222|        };
  223|      }),
  224|    }; ? null : round(breakEvenRoas, 4),
     |       ^
  225|        };
  226|      }),
  [39m
      at failureErrorWithLog (C:\Users\ning\Desktop\temu-jp-pricing-main\node_modules\esbuild\lib\main.js:1467:15)
      at C:\Users\ning\Desktop\temu-jp-pricing-main\node_modules\esbuild\lib\main.js:736:50
      at responseCallbacks.<computed> (C:\Users\ning\Desktop\temu-jp-pricing-main\node_modules\esbuild\lib\main.js:603:9)
      at handleIncomingPacket (C:\Users\ning\Desktop\temu-jp-pricing-main\node_modules\esbuild\lib\main.js:658:12)
      at Socket.readFromStdout (C:\Users\ning\Desktop\temu-jp-pricing-main\node_modules\esbuild\lib\main.js:581:7)
      at Socket.emit (node:events:509:28)
      at addChunk (node:internal/streams/readable:563:12)
      at readableAddChunkPushByteMode (node:internal/streams/readable:514:3)
      at Readable.push (node:internal/streams/readable:394:5)
      at Pipe.onStreamRead (node:internal/stream_base_commons:189:23)
[2m16:11:41[22m [31m[1m[vite][22m[39m [31mInternal server error: C:\Users\ning\Desktop\temu-jp-pricing-main\src\pages\inventory-page.tsx: Unexpected token, expected "," (874:63)

[0m [90m 872 |[31m         current[33m.[31mmap((entry) [33m=>[31m (entry[33m.[31mid [33m===[31m item[33m.[31mid [33m?[31m nextItem [33m:[31m entry))[33m,[31m
 [90m 873 |[31m       )[33m;[31m
[31m[1m>[22m[31m[90m 874 |[31m       setWarehouseItemStockAdjustments((current) [33m=>[31m [adjustme  [36mreturn[31m (
 [90m     |[31m                                                                [31m[1m^[22m[31m
 [90m 875 |[31m     [33m<[31m[33msection[31m className[33m=[31m[32m"grid gap-5"[31m[33m>[31m
 [90m 876 |[31m       [33m<[31m[33mPageHeader[31m title[33m=[31m{pageTitle} description[33m=[31m{pageDescription} [33m/[31m[33m>[31m
 [90m 877 |[31m[0m[39m
  Plugin: [35mvite:react-babel[39m
  File: [36mC:/Users/ning/Desktop/temu-jp-pricing-main/src/pages/inventory-page.tsx[39m:874:63
[33m  872|          current.map((entry) => (entry.id === item.id ? nextItem : entry)),
  873|        );
  874|        setWarehouseItemStockAdjustments((current) => [adjustme  return (
     |                                                                 ^
  875|      <section className="grid gap-5">
  876|        <PageHeader title={pageTitle} description={pageDescription} />[39m
      at constructor (C:\Users\ning\Desktop\temu-jp-pricing-main\node_modules\@babel\parser\lib\index.js:365:19)
      at TypeScriptParserMixin.raise (C:\Users\ning\Desktop\temu-jp-pricing-main\node_modules\@babel\parser\lib\index.js:6616:19)
      at TypeScriptParserMixin.unexpected (C:\Users\ning\Desktop\temu-jp-pricing-main\node_modules\@babel\parser\lib\index.js:6636:16)
      at TypeScriptParserMixin.expect (C:\Users\ning\Desktop\temu-jp-pricing-main\node_modules\@babel\parser\lib\index.js:6916:12)
      at TypeScriptParserMixin.parseExprList (C:\Users\ning\Desktop\temu-jp-pricing-main\node_modules\@babel\parser\lib\index.js:12158:14)
      at TypeScriptParserMixin.parseArrayLike (C:\Users\ning\Desktop\temu-jp-pricing-main\node_modules\@babel\parser\lib\index.js:12074:26)
      at TypeScriptParserMixin.parseArrayLike (C:\Users\ning\Desktop\temu-jp-pricing-main\node_modules\@babel\parser\lib\index.js:9210:24)
      at TypeScriptParserMixin.parseExprAtom (C:\Users\ning\Desktop\temu-jp-pricing-main\node_modules\@babel\parser\lib\index.js:11352:23)
      at TypeScriptParserMixin.parseExprAtom (C:\Users\ning\Desktop\temu-jp-pricing-main\node_modules\@babel\parser\lib\index.js:4776:20)
      at TypeScriptParserMixin.parseExprSubscripts (C:\Users\ning\Desktop\temu-jp-pricing-main\node_modules\@babel\parser\lib\index.js:11098:23)
      at TypeScriptParserMixin.parseUpdate (C:\Users\ning\Desktop\temu-jp-pricing-main\node_modules\@babel\parser\lib\index.js:11083:21)
      at TypeScriptParserMixin.parseMaybeUnary (C:\Users\ning\Desktop\temu-jp-pricing-main\node_modules\@babel\parser\lib\index.js:11063:23)
      at TypeScriptParserMixin.parseMaybeUnary (C:\Users\ning\Desktop\temu-jp-pricing-main\node_modules\@babel\parser\lib\index.js:9854:18)
      at TypeScriptParserMixin.parseMaybeUnaryOrPrivate (C:\Users\ning\Desktop\temu-jp-pricing-main\node_modules\@babel\parser\lib\index.js:10916:61)
      at TypeScriptParserMixin.parseExprOps (C:\Users\ning\Desktop\temu-jp-pricing-main\node_modules\@babel\parser\lib\index.js:10921:23)
      at TypeScriptParserMixin.parseMaybeConditional (C:\Users\ning\Desktop\temu-jp-pricing-main\node_modules\@babel\parser\lib\index.js:10898:23)
      at TypeScriptParserMixin.parseMaybeAssign (C:\Users\ning\Desktop\temu-jp-pricing-main\node_modules\@babel\parser\lib\index.js:10848:21)
      at TypeScriptParserMixin.parseMaybeAssign (C:\Users\ning\Desktop\temu-jp-pricing-main\node_modules\@babel\parser\lib\index.js:9803:20)
      at TypeScriptParserMixin.parseFunctionBody (C:\Users\ning\Desktop\temu-jp-pricing-main\node_modules\@babel\parser\lib\index.js:12110:24)
      at TypeScriptParserMixin.parseArrowExpression (C:\Users\ning\Desktop\temu-jp-pricing-main\node_modules\@babel\parser\lib\index.js:12092:10)
      at TypeScriptParserMixin.parseParenAndDistinguishExpression (C:\Users\ning\Desktop\temu-jp-pricing-main\node_modules\@babel\parser\lib\index.js:11704:12)
      at TypeScriptParserMixin.parseExprAtom (C:\Users\ning\Desktop\temu-jp-pricing-main\node_modules\@babel\parser\lib\index.js:11348:23)
      at TypeScriptParserMixin.parseExprAtom (C:\Users\ning\Desktop\temu-jp-pricing-main\node_modules\@babel\parser\lib\index.js:4776:20)
      at TypeScriptParserMixin.parseExprSubscripts (C:\Users\ning\Desktop\temu-jp-pricing-main\node_modules\@babel\parser\lib\index.js:11098:23)
      at TypeScriptParserMixin.parseUpdate (C:\Users\ning\Desktop\temu-jp-pricing-main\node_modules\@babel\parser\lib\index.js:11083:21)
      at TypeScriptParserMixin.parseMaybeUnary (C:\Users\ning\Desktop\temu-jp-pricing-main\node_modules\@babel\parser\lib\index.js:11063:23)
      at TypeScriptParserMixin.parseMaybeUnary (C:\Users\ning\Desktop\temu-jp-pricing-main\node_modules\@babel\parser\lib\index.js:9854:18)
      at TypeScriptParserMixin.parseMaybeUnaryOrPrivate (C:\Users\ning\Desktop\temu-jp-pricing-main\node_modules\@babel\parser\lib\index.js:10916:61)
      at TypeScriptParserMixin.parseExprOps (C:\Users\ning\Desktop\temu-jp-pricing-main\node_modules\@babel\parser\lib\index.js:10921:23)
      at TypeScriptParserMixin.parseMaybeConditional (C:\Users\ning\Desktop\temu-jp-pricing-main\node_modules\@babel\parser\lib\index.js:10898:23)
      at TypeScriptParserMixin.parseMaybeAssign (C:\Users\ning\Desktop\temu-jp-pricing-main\node_modules\@babel\parser\lib\index.js:10848:21)
      at TypeScriptParserMixin.parseMaybeAssign (C:\Users\ning\Desktop\temu-jp-pricing-main\node_modules\@babel\parser\lib\index.js:9803:20)
      at C:\Users\ning\Desktop\temu-jp-pricing-main\node_modules\@babel\parser\lib\index.js:10817:39
      at TypeScriptParserMixin.allowInAnd (C:\Users\ning\Desktop\temu-jp-pricing-main\node_modules\@babel\parser\lib\index.js:12443:12)
      at TypeScriptParserMixin.parseMaybeAssignAllowIn (C:\Users\ning\Desktop\temu-jp-pricing-main\node_modules\@babel\parser\lib\index.js:10817:17)
      at TypeScriptParserMixin.parseMaybeAssignAllowInOrVoidPattern (C:\Users\ning\Desktop\temu-jp-pricing-main\node_modules\@babel\parser\lib\index.js:12510:17)
      at TypeScriptParserMixin.parseExprListItem (C:\Users\ning\Desktop\temu-jp-pricing-main\node_modules\@babel\parser\lib\index.js:12192:18)
      at TypeScriptParserMixin.parseCallExpressionArguments (C:\Users\ning\Desktop\temu-jp-pricing-main\node_modules\@babel\parser\lib\index.js:11269:22)
      at TypeScriptParserMixin.parseCoverCallAndAsyncArrowHead (C:\Users\ning\Desktop\temu-jp-pricing-main\node_modules\@babel\parser\lib\index.js:11203:29)
      at TypeScriptParserMixin.parseSubscript (C:\Users\ning\Desktop\temu-jp-pricing-main\node_modules\@babel\parser\lib\index.js:11137:19)
      at TypeScriptParserMixin.parseSubscript (C:\Users\ning\Desktop\temu-jp-pricing-main\node_modules\@babel\parser\lib\index.js:9289:18)
      at TypeScriptParserMixin.parseSubscripts (C:\Users\ning\Desktop\temu-jp-pricing-main\node_modules\@babel\parser\lib\index.js:11111:19)
      at TypeScriptParserMixin.parseExprSubscripts (C:\Users\ning\Desktop\temu-jp-pricing-main\node_modules\@babel\parser\lib\index.js:11102:17)
      at TypeScriptParserMixin.parseUpdate (C:\Users\ning\Desktop\temu-jp-pricing-main\node_modules\@babel\parser\lib\index.js:11083:21)
      at TypeScriptParserMixin.parseMaybeUnary (C:\Users\ning\Desktop\temu-jp-pricing-main\node_modules\@babel\parser\lib\index.js:11063:23)
      at TypeScriptParserMixin.parseMaybeUnary (C:\Users\ning\Desktop\temu-jp-pricing-main\node_modules\@babel\parser\lib\index.js:9854:18)
      at TypeScriptParserMixin.parseMaybeUnaryOrPrivate (C:\Users\ning\Desktop\temu-jp-pricing-main\node_modules\@babel\parser\lib\index.js:10916:61)
      at TypeScriptParserMixin.parseExprOps (C:\Users\ning\Desktop\temu-jp-pricing-main\node_modules\@babel\parser\lib\index.js:10921:23)
      at TypeScriptParserMixin.parseMaybeConditional (C:\Users\ning\Desktop\temu-jp-pricing-main\node_modules\@babel\parser\lib\index.js:10898:23)
      at TypeScriptParserMixin.parseMaybeAssign (C:\Users\ning\Desktop\temu-jp-pricing-main\node_modules\@babel\parser\lib\index.js:10848:21)
