
> temu-jp-pricing@0.1.0 dev
> vite --host 127.0.0.1 --port 5173


  [32m[1mVITE[22m v6.4.2[39m  [2mready in [0m[1m511[22m[2m[0m ms[22m

  [32m➜[39m  [1mLocal[22m:   [36mhttp://127.0.0.1:[1m5173[22m/[39m
[2m[32m  ➜[39m[22m[2m  press [22m[1mh + enter[22m[2m to show help[22m
[2m11:52:16[22m [36m[1m[vite][22m[39m [90m[2m(client)[22m[39m [32mhmr update [39m[2m/src/pages/profit-calculations-page.tsx, /src/index.css[22m
[2m11:53:45[22m [36m[1m[vite][22m[39m [90m[2m(client)[22m[39m [32mhmr update [39m[2m/src/index.css, /src/pages/declaration-prices-page.tsx, /src/pages/pricing-result-page.tsx, /src/pages/product-edit-page.tsx, /src/pages/product-create-page.tsx, /src/pages/test-shipping-page.tsx, /src/pages/products-page.tsx, /src/pages/profit-calculation-page.tsx, /src/pages/profit-calculations-page.tsx, /src/pages/promotion-recommendations-page.tsx, /src/pages/inventory-page.tsx, /src/pages/purchases-page.tsx[22m
[2m11:53:54[22m [36m[1m[vite][22m[39m [90m[2m(client)[22m[39m [32mhmr update [39m[2m/src/pages/product-edit-page.tsx, /src/index.css[22m
[2m11:53:59[22m [36m[1m[vite][22m[39m [90m[2m(client)[22m[39m [32mhmr update [39m[2m/src/pages/profit-calculations-page.tsx, /src/index.css[22m
[2m11:54:03[22m [36m[1m[vite][22m[39m [90m[2m(client)[22m[39m [32mhmr update [39m[2m/src/pages/pricing-result-page.tsx, /src/index.css[22m
[2m11:54:11[22m [36m[1m[vite][22m[39m [90m[2m(client)[22m[39m [32mhmr update [39m[2m/src/pages/pricing-result-page.tsx, /src/index.css[22m
[2m11:54:19[22m [36m[1m[vite][22m[39m [90m[2m(client)[22m[39m [32mhmr update [39m[2m/src/pages/profit-calculation-page.tsx, /src/index.css[22m
[2m11:54:30[22m [36m[1m[vite][22m[39m [90m[2m(client)[22m[39m [32mhmr update [39m[2m/src/pages/products-page.tsx, /src/index.css[22m
[2m11:54:39[22m [36m[1m[vite][22m[39m [90m[2m(client)[22m[39m [32mhmr update [39m[2m/src/pages/declaration-prices-page.tsx, /src/index.css[22m
[2m11:55:05[22m [36m[1m[vite][22m[39m [90m[2m(client)[22m[39m [32mhmr update [39m[2m/src/pages/profit-calculations-page.tsx, /src/index.css[22m
[2m11:57:41[22m [36m[1m[vite][22m[39m [90m[2m(client)[22m[39m [32mhmr update [39m[2m/src/pages/product-edit-page.tsx, /src/index.css[22m
[2m11:57:48[22m [36m[1m[vite][22m[39m [90m[2m(client)[22m[39m [32mhmr update [39m[2m/src/pages/pricing-result-page.tsx, /src/index.css[22m
[2m11:57:49[22m [36m[1m[vite][22m[39m [90m[2m(client)[22m[39m [32mhmr update [39m[2m/src/pages/pricing-result-page.tsx, /src/index.css[22m
[2m11:57:56[22m [36m[1m[vite][22m[39m [90m[2m(client)[22m[39m [32mhmr update [39m[2m/src/pages/profit-calculation-page.tsx, /src/index.css[22m
[2m11:59:43[22m [36m[1m[vite][22m[39m [90m[2m(client)[22m[39m [32mhmr update [39m[2m/src/index.css, /src/pages/declaration-prices-page.tsx, /src/pages/pricing-result-page.tsx, /src/pages/product-edit-page.tsx, /src/pages/product-create-page.tsx, /src/pages/test-shipping-page.tsx, /src/pages/products-page.tsx, /src/pages/profit-calculation-page.tsx, /src/pages/profit-calculations-page.tsx, /src/pages/promotion-recommendations-page.tsx, /src/pages/inventory-page.tsx, /src/pages/purchases-page.tsx[22m
[2m12:09:59[22m [36m[1m[vite][22m[39m [90m[2m(client)[22m[39m [32mhmr update [39m[2m/src/pages/promotion-recommendations-page.tsx, /src/index.css[22m
[2m12:10:09[22m [36m[1m[vite][22m[39m [90m[2m(client)[22m[39m [32mhmr update [39m[2m/src/pages/promotion-recommendations-page.tsx, /src/index.css[22m
[2m12:10:20[22m [36m[1m[vite][22m[39m [90m[2m(client)[22m[39m [32mhmr update [39m[2m/src/pages/promotion-recommendations-page.tsx, /src/index.css[22m
[2m12:10:29[22m [36m[1m[vite][22m[39m [90m[2m(client)[22m[39m [32mhmr update [39m[2m/src/pages/promotion-recommendations-page.tsx, /src/index.css[22m
[2m12:10:48[22m [36m[1m[vite][22m[39m [90m[2m(client)[22m[39m [32mhmr update [39m[2m/src/pages/promotion-recommendations-page.tsx, /src/index.css[22m
[2m12:10:57[22m [36m[1m[vite][22m[39m [90m[2m(client)[22m[39m [32mhmr update [39m[2m/src/pages/promotion-recommendations-page.tsx, /src/index.css[22m
[2m12:11:05[22m [36m[1m[vite][22m[39m [90m[2m(client)[22m[39m [32mhmr update [39m[2m/src/pages/promotion-recommendations-page.tsx, /src/index.css[22m
[2m12:11:15[22m [36m[1m[vite][22m[39m [90m[2m(client)[22m[39m [32mhmr update [39m[2m/src/pages/promotion-recommendations-page.tsx, /src/index.css[22m
[2m12:11:20[22m [36m[1m[vite][22m[39m [90m[2m(client)[22m[39m [32mhmr update [39m[2m/src/pages/promotion-recommendations-page.tsx, /src/index.css[22m
